<?xml version="1.0" encoding="UTF-8"?>
<testsuite xmlns:xsi="http://www.w3.org/2001/XMLSchema-instance" xsi:noNamespaceSchemaLocation="https://maven.apache.org/surefire/maven-surefire-plugin/xsd/surefire-test-report.xsd" version="3.0.2" name="com.example.Booking_Resort.BookingResortApplicationTests" time="11.032" tests="1" errors="0" skipped="0" failures="0">
  <properties>
[...]
</properties>
  <testcase name="contextLoads" classname="com.example.Booking_Resort.BookingResortApplicationTests" time="0.326">
    <system-out><![CDATA[22:58:52.023 [main] INFO org.springframework.test.context.support.AnnotationConfigContextLoaderUtils -- Could not detect default configuration classes for test class [com.example.Booking_Resort.BookingResortApplicationTests]: BookingResortApplicationTests does not declare any static, non-private, non-final, nested classes annotated with @Configuration.
22:58:52.120 [main] INFO org.springframework.boot.test.context.SpringBootTestContextBootstrapper -- Found @SpringBootConfiguration com.example.Booking_Resort.BookingResortApplication for test class com.example.Booking_Resort.BookingResortApplicationTests
22:58:52.261 [main] INFO org.springframework.boot.devtools.restart.RestartApplicationListener -- Restart disabled due to context in which it is running

  .   ____          _            __ _ _
 /\\ / ___'_ __ _ _(_)_ __  __ _ \ \ \ \
( ( )\___ | '_ | '_| | '_ \/ _` | \ \ \ \
 \\/  ___)| |_)| | | | | || (_| |  ) ) ) )
  '  |____| .__|_| |_|_| |_\__, | / / / /
 =========|_|==============|___/=/_/_/_/

 :: Spring Boot ::                (v3.4.3)

2025-06-15T22:58:52.510+07:00  INFO 17904 --- [Booking_Resort] [           main] c.e.B.BookingResortApplicationTests      : Starting BookingResortApplicationTests using Java 17.0.14 with PID 17904 (started by Khoa in D:\Project_Android_Java\Booking_Resort_Final)
2025-06-15T22:58:52.511+07:00  INFO 17904 --- [Booking_Resort] [           main] c.e.B.BookingResortApplicationTests      : No active profile set, falling back to 1 default profile: "default"
2025-06-15T22:58:53.272+07:00  INFO 17904 --- [Booking_Resort] [           main] .s.d.r.c.RepositoryConfigurationDelegate : Bootstrapping Spring Data JPA repositories in DEFAULT mode.
2025-06-15T22:58:53.389+07:00  INFO 17904 --- [Booking_Resort] [           main] .s.d.r.c.RepositoryConfigurationDelegate : Finished Spring Data repository scanning in 108 ms. Found 17 JPA repository interfaces.
2025-06-15T22:58:54.066+07:00  INFO 17904 --- [Booking_Resort] [           main] o.hibernate.jpa.internal.util.LogHelper  : HHH000204: Processing PersistenceUnitInfo [name: default]
2025-06-15T22:58:54.106+07:00  INFO 17904 --- [Booking_Resort] [           main] org.hibernate.Version                    : HHH000412: Hibernate ORM core version 6.6.8.Final
2025-06-15T22:58:54.140+07:00  INFO 17904 --- [Booking_Resort] [           main] o.h.c.internal.RegionFactoryInitiator    : HHH000026: Second-level cache disabled
2025-06-15T22:58:54.484+07:00  INFO 17904 --- [Booking_Resort] [           main] o.s.o.j.p.SpringPersistenceUnitInfo      : No LoadTimeWeaver setup: ignoring JPA class transformer
2025-06-15T22:58:54.518+07:00  INFO 17904 --- [Booking_Resort] [           main] com.zaxxer.hikari.HikariDataSource       : HikariPool-1 - Starting...
2025-06-15T22:58:57.336+07:00  INFO 17904 --- [Booking_Resort] [           main] com.zaxxer.hikari.pool.HikariPool        : HikariPool-1 - Added connection org.postgresql.jdbc.PgConnection@772cf46b
2025-06-15T22:58:57.338+07:00  INFO 17904 --- [Booking_Resort] [           main] com.zaxxer.hikari.HikariDataSource       : HikariPool-1 - Start completed.
2025-06-15T22:58:57.616+07:00  WARN 17904 --- [Booking_Resort] [           main] org.hibernate.orm.deprecation            : HHH90000025: PostgreSQLDialect does not need to be specified explicitly using 'hibernate.dialect' (remove the property setting and it will be selected by default)
2025-06-15T22:58:58.132+07:00  INFO 17904 --- [Booking_Resort] [           main] org.hibernate.orm.connections.pooling    : HHH10001005: Database info:
	Database JDBC URL [Connecting through datasource 'HikariDataSource (HikariPool-1)']
	Database driver: undefined/unknown
	Database version: 17.5
	Autocommit mode: undefined/unknown
	Isolation level: undefined/unknown
	Minimum pool size: undefined/unknown
	Maximum pool size: undefined/unknown
2025-06-15T22:58:59.080+07:00  INFO 17904 --- [Booking_Resort] [           main] o.h.e.t.j.p.i.JtaPlatformInitiator       : HHH000489: No JTA platform available (set 'hibernate.transaction.jta.platform' to enable JTA platform integration)
2025-06-15T22:58:59.083+07:00  INFO 17904 --- [Booking_Resort] [           main] j.LocalContainerEntityManagerFactoryBean : Initialized JPA EntityManagerFactory for persistence unit 'default'
2025-06-15T22:58:59.390+07:00  INFO 17904 --- [Booking_Resort] [           main] o.s.d.j.r.query.QueryEnhancerFactory     : Hibernate is in classpath; If applicable, HQL parser will be used.
2025-06-15T22:59:00.550+07:00  WARN 17904 --- [Booking_Resort] [           main] JpaBaseConfiguration$JpaWebConfiguration : spring.jpa.open-in-view is enabled by default. Therefore, database queries may be performed during view rendering. Explicitly configure spring.jpa.open-in-view to disable this warning
2025-06-15T22:59:01.427+07:00  INFO 17904 --- [Booking_Resort] [           main] c.e.B.BookingResortApplicationTests      : Started BookingResortApplicationTests in 9.176 seconds (process running for 10.002)
Hibernate: 
    select
        u1_0.id_user,
        u1_0.account,
        u1_0.dob,
        u1_0.email,
        u1_0.indentification_card,
        u1_0.name_user,
        u1_0.passport,
        u1_0.password_user,
        u1_0.phone,
        u1_0.sex 
    from
        users u1_0 
    where
        u1_0.account=?
Hibernate: 
    select
        r1_0.user_id_user,
        r1_1.name_role,
        r1_1.description 
    from
        users_role_user r1_0 
    join
        roles r1_1 
            on r1_1.name_role=r1_0.role_user_name_role 
    where
        r1_0.user_id_user=?
Hibernate: 
    select
        p1_0.roles_name_role,
        p1_1.name_permission,
        p1_1.description 
    from
        roles_permissions p1_0 
    join
        permissions p1_1 
            on p1_1.name_permission=p1_0.permissions_name_permission 
    where
        p1_0.roles_name_role=?
]]></system-out>
  </testcase>
</testsuite>